This is pdfTeX, Version 3.14159265-2.6-1.40.16 (TeX Live 2015) (preloaded format=pdflatex 2015.5.24)  18 AUG 2016 16:57
entering extended mode
 restricted \write18 enabled.
 %&-line parsing enabled.
**main.tex
(./main.tex
LaTeX2e <2015/01/01>
Babel <3.9l> and hyphenation patterns for 79 languages loaded.
(./thesis.cls
Document Class: thesis 2014/03/27

--------------------------------------------------------------
 +---+ Thesis Style (thesis.cls) version 1.13
 +---+ for University of Colorado Ph.D. theses/dissertations.
 * Conforms to the University of Colorado at Boulder Graduate
 * School "SPECIFICATIONS for Preparation of Master's Thesis
 * and Doctoral Dissertations" (rev. March 2014).
--------------------------------------------------------------
 URL: http://www.colorado.edu/oit/software-hardware/tex-latex

(/usr/local/texlive/2015/texmf-dist/tex/latex/base/report.cls
Document Class: report 2014/09/29 v1.4h Standard LaTeX document class
(/usr/local/texlive/2015/texmf-dist/tex/latex/base/size11.clo
File: size11.clo 2014/09/29 v1.4h Standard LaTeX file (size option)
)
\c@part=\count79
\c@chapter=\count80
\c@section=\count81
\c@subsection=\count82
\c@subsubsection=\count83
\c@paragraph=\count84
\c@subparagraph=\count85
\c@figure=\count86
\c@table=\count87
\abovecaptionskip=\skip41
\belowcaptionskip=\skip42
\bibindent=\dimen102
)
(/usr/local/texlive/2015/texmf-dist/tex/latex/tools/indentfirst.sty
Package: indentfirst 1995/11/23 v1.03 Indent first paragraph (DPC)
)
(/usr/local/texlive/2015/texmf-dist/tex/latex/base/ifthen.sty
Package: ifthen 2014/09/29 v1.1c Standard LaTeX ifthen package (DPC)
)
(/usr/local/texlive/2015/texmf-dist/tex/generic/ulem/ulem.sty
\UL@box=\box26
\UL@hyphenbox=\box27
\UL@skip=\skip43
\UL@hook=\toks14
\UL@height=\dimen103
\UL@pe=\count88
\UL@pixel=\dimen104
\ULC@box=\box28
Package: ulem 2012/05/18
\ULdepth=\dimen105
)
\c@th@SecNum=\count89
\c@th@SectionSave=\count90
\th@SubSubSecSpc=\skip44
\c@th@storepage=\count91
)
(/usr/local/texlive/2015/texmf-dist/tex/latex/amsfonts/amssymb.sty
Package: amssymb 2013/01/14 v3.01 AMS font symbols

(/usr/local/texlive/2015/texmf-dist/tex/latex/amsfonts/amsfonts.sty
Package: amsfonts 2013/01/14 v3.01 Basic AMSFonts support
\@emptytoks=\toks15
\symAMSa=\mathgroup4
\symAMSb=\mathgroup5
LaTeX Font Info:    Overwriting math alphabet `\mathfrak' in version `bold'
(Font)                  U/euf/m/n --> U/euf/b/n on input line 106.
))
(/usr/local/texlive/2015/texmf-dist/tex/latex/graphics/graphicx.sty
Package: graphicx 2014/10/28 v1.0g Enhanced LaTeX Graphics (DPC,SPQR)

(/usr/local/texlive/2015/texmf-dist/tex/latex/graphics/keyval.sty
Package: keyval 2014/10/28 v1.15 key=value parser (DPC)
\KV@toks@=\toks16
)
(/usr/local/texlive/2015/texmf-dist/tex/latex/graphics/graphics.sty
Package: graphics 2014/10/28 v1.0p Standard LaTeX Graphics (DPC,SPQR)

(/usr/local/texlive/2015/texmf-dist/tex/latex/graphics/trig.sty
Package: trig 1999/03/16 v1.09 sin cos tan (DPC)
)
(/usr/local/texlive/2015/texmf-dist/tex/latex/latexconfig/graphics.cfg
File: graphics.cfg 2010/04/23 v1.9 graphics configuration of TeX Live
)
Package graphics Info: Driver file: pdftex.def on input line 94.

(/usr/local/texlive/2015/texmf-dist/tex/latex/pdftex-def/pdftex.def
File: pdftex.def 2011/05/27 v0.06d Graphics/color for pdfTeX

(/usr/local/texlive/2015/texmf-dist/tex/generic/oberdiek/infwarerr.sty
Package: infwarerr 2010/04/08 v1.3 Providing info/warning/error messages (HO)
)
(/usr/local/texlive/2015/texmf-dist/tex/generic/oberdiek/ltxcmds.sty
Package: ltxcmds 2011/11/09 v1.22 LaTeX kernel commands for general use (HO)
)
\Gread@gobject=\count92
))
\Gin@req@height=\dimen106
\Gin@req@width=\dimen107
)
(/usr/local/texlive/2015/texmf-dist/tex/latex/hyperref/hyperref.sty
Package: hyperref 2012/11/06 v6.83m Hypertext links for LaTeX

(/usr/local/texlive/2015/texmf-dist/tex/generic/oberdiek/hobsub-hyperref.sty
Package: hobsub-hyperref 2012/05/28 v1.13 Bundle oberdiek, subset hyperref (HO)


(/usr/local/texlive/2015/texmf-dist/tex/generic/oberdiek/hobsub-generic.sty
Package: hobsub-generic 2012/05/28 v1.13 Bundle oberdiek, subset generic (HO)
Package: hobsub 2012/05/28 v1.13 Construct package bundles (HO)
Package hobsub Info: Skipping package `infwarerr' (already loaded).
Package hobsub Info: Skipping package `ltxcmds' (already loaded).
Package: ifluatex 2010/03/01 v1.3 Provides the ifluatex switch (HO)
Package ifluatex Info: LuaTeX not detected.
Package: ifvtex 2010/03/01 v1.5 Detect VTeX and its facilities (HO)
Package ifvtex Info: VTeX not detected.
Package: intcalc 2007/09/27 v1.1 Expandable calculations with integers (HO)
Package: ifpdf 2011/01/30 v2.3 Provides the ifpdf switch (HO)
Package ifpdf Info: pdfTeX in PDF mode is detected.
Package: etexcmds 2011/02/16 v1.5 Avoid name clashes with e-TeX commands (HO)
Package etexcmds Info: Could not find \expanded.
(etexcmds)             That can mean that you are not using pdfTeX 1.50 or
(etexcmds)             that some package has redefined \expanded.
(etexcmds)             In the latter case, load this package earlier.
Package: kvsetkeys 2012/04/25 v1.16 Key value parser (HO)
Package: kvdefinekeys 2011/04/07 v1.3 Define keys (HO)
Package: pdftexcmds 2011/11/29 v0.20 Utility functions of pdfTeX for LuaTeX (HO
)
Package pdftexcmds Info: LuaTeX not detected.
Package pdftexcmds Info: \pdf@primitive is available.
Package pdftexcmds Info: \pdf@ifprimitive is available.
Package pdftexcmds Info: \pdfdraftmode found.
Package: pdfescape 2011/11/25 v1.13 Implements pdfTeX's escape features (HO)
Package: bigintcalc 2012/04/08 v1.3 Expandable calculations on big integers (HO
)
Package: bitset 2011/01/30 v1.1 Handle bit-vector datatype (HO)
Package: uniquecounter 2011/01/30 v1.2 Provide unlimited unique counter (HO)
)
Package hobsub Info: Skipping package `hobsub' (already loaded).
Package: letltxmacro 2010/09/02 v1.4 Let assignment for LaTeX macros (HO)
Package: hopatch 2012/05/28 v1.2 Wrapper for package hooks (HO)
Package: xcolor-patch 2011/01/30 xcolor patch
Package: atveryend 2011/06/30 v1.8 Hooks at the very end of document (HO)
Package atveryend Info: \enddocument detected (standard20110627).
Package: atbegshi 2011/10/05 v1.16 At begin shipout hook (HO)
Package: refcount 2011/10/16 v3.4 Data extraction from label references (HO)
Package: hycolor 2011/01/30 v1.7 Color options for hyperref/bookmark (HO)
)
(/usr/local/texlive/2015/texmf-dist/tex/generic/ifxetex/ifxetex.sty
Package: ifxetex 2010/09/12 v0.6 Provides ifxetex conditional
)
(/usr/local/texlive/2015/texmf-dist/tex/latex/oberdiek/auxhook.sty
Package: auxhook 2011/03/04 v1.3 Hooks for auxiliary files (HO)


Package auxhook Warning: Cannot patch \document,
(auxhook)                using \AtBeginDocument instead.

) (/usr/local/texlive/2015/texmf-dist/tex/latex/oberdiek/kvoptions.sty
Package: kvoptions 2011/06/30 v3.11 Key value format for package options (HO)
)
\@linkdim=\dimen108
\Hy@linkcounter=\count93
\Hy@pagecounter=\count94

(/usr/local/texlive/2015/texmf-dist/tex/latex/hyperref/pd1enc.def
File: pd1enc.def 2012/11/06 v6.83m Hyperref: PDFDocEncoding definition (HO)
)
\Hy@SavedSpaceFactor=\count95

(/usr/local/texlive/2015/texmf-dist/tex/latex/latexconfig/hyperref.cfg
File: hyperref.cfg 2002/06/06 v1.2 hyperref configuration of TeXLive
)
Package hyperref Info: Hyper figures OFF on input line 4443.
Package hyperref Info: Link nesting OFF on input line 4448.
Package hyperref Info: Hyper index ON on input line 4451.
Package hyperref Info: Plain pages OFF on input line 4458.
Package hyperref Info: Backreferencing OFF on input line 4463.
Package hyperref Info: Implicit mode ON; LaTeX internals redefined.
Package hyperref Info: Bookmarks ON on input line 4688.
\c@Hy@tempcnt=\count96

(/usr/local/texlive/2015/texmf-dist/tex/latex/url/url.sty
\Urlmuskip=\muskip10
Package: url 2013/09/16  ver 3.4  Verb mode for urls, etc.
)
LaTeX Info: Redefining \url on input line 5041.
\XeTeXLinkMargin=\dimen109
\Fld@menulength=\count97
\Field@Width=\dimen110
\Fld@charsize=\dimen111
Package hyperref Info: Hyper figures OFF on input line 6295.
Package hyperref Info: Link nesting OFF on input line 6300.
Package hyperref Info: Hyper index ON on input line 6303.
Package hyperref Info: backreferencing OFF on input line 6310.
Package hyperref Info: Link coloring OFF on input line 6315.
Package hyperref Info: Link coloring with OCG OFF on input line 6320.
Package hyperref Info: PDF/A mode OFF on input line 6325.
LaTeX Info: Redefining \ref on input line 6365.
LaTeX Info: Redefining \pageref on input line 6369.
\Hy@abspage=\count98
\c@Item=\count99
\c@Hfootnote=\count100
)

Package hyperref Message: Driver (autodetected): hpdftex.

(/usr/local/texlive/2015/texmf-dist/tex/latex/hyperref/hpdftex.def
File: hpdftex.def 2012/11/06 v6.83m Hyperref driver for pdfTeX
\Fld@listcount=\count101
\c@bookmark@seq@number=\count102

(/usr/local/texlive/2015/texmf-dist/tex/latex/oberdiek/rerunfilecheck.sty
Package: rerunfilecheck 2011/04/15 v1.7 Rerun checks for auxiliary files (HO)
Package uniquecounter Info: New unique counter `rerunfilecheck' on input line 2
82.
)
\Hy@SectionHShift=\skip45
)
Putting page number on short ToC
Putting page number on short LoF
Putting page number on short LoT
(./main.aux)
\openout1 = `main.aux'.

LaTeX Font Info:    Checking defaults for OML/cmm/m/it on input line 57.
LaTeX Font Info:    ... okay on input line 57.
LaTeX Font Info:    Checking defaults for T1/cmr/m/n on input line 57.
LaTeX Font Info:    ... okay on input line 57.
LaTeX Font Info:    Checking defaults for OT1/cmr/m/n on input line 57.
LaTeX Font Info:    ... okay on input line 57.
LaTeX Font Info:    Checking defaults for OMS/cmsy/m/n on input line 57.
LaTeX Font Info:    ... okay on input line 57.
LaTeX Font Info:    Checking defaults for OMX/cmex/m/n on input line 57.
LaTeX Font Info:    ... okay on input line 57.
LaTeX Font Info:    Checking defaults for U/cmr/m/n on input line 57.
LaTeX Font Info:    ... okay on input line 57.
LaTeX Font Info:    Checking defaults for PD1/pdf/m/n on input line 57.
LaTeX Font Info:    ... okay on input line 57.
 (/usr/local/texlive/2015/texmf-dist/tex/context/base/supp-pdf.mkii
[Loading MPS to PDF converter (version 2006.09.02).]
\scratchcounter=\count103
\scratchdimen=\dimen112
\scratchbox=\box29
\nofMPsegments=\count104
\nofMParguments=\count105
\everyMPshowfont=\toks17
\MPscratchCnt=\count106
\MPscratchDim=\dimen113
\MPnumerator=\count107
\makeMPintoPDFobject=\count108
\everyMPtoPDFconversion=\toks18
) (/usr/local/texlive/2015/texmf-dist/tex/latex/oberdiek/epstopdf-base.sty
Package: epstopdf-base 2010/02/09 v2.5 Base part for package epstopdf

(/usr/local/texlive/2015/texmf-dist/tex/latex/oberdiek/grfext.sty
Package: grfext 2010/08/19 v1.1 Manage graphics extensions (HO)
)
Package grfext Info: Graphics extension search list:
(grfext)             [.png,.pdf,.jpg,.mps,.jpeg,.jbig2,.jb2,.PNG,.PDF,.JPG,.JPE
G,.JBIG2,.JB2,.eps]
(grfext)             \AppendGraphicsExtensions on input line 452.

(/usr/local/texlive/2015/texmf-dist/tex/latex/latexconfig/epstopdf-sys.cfg
File: epstopdf-sys.cfg 2010/07/13 v1.3 Configuration of (r)epstopdf for TeX Liv
e
))
\AtBeginShipoutBox=\box30
Package hyperref Info: Link coloring OFF on input line 57.

(/usr/local/texlive/2015/texmf-dist/tex/latex/hyperref/nameref.sty
Package: nameref 2012/10/27 v2.43 Cross-referencing by name of section

(/usr/local/texlive/2015/texmf-dist/tex/generic/oberdiek/gettitlestring.sty
Package: gettitlestring 2010/12/03 v1.4 Cleanup title references (HO)
)
\c@section@level=\count109
)
LaTeX Info: Redefining \ref on input line 57.
LaTeX Info: Redefining \pageref on input line 57.
LaTeX Info: Redefining \nameref on input line 57.

(./main.out) (./main.out)
\@outlinefile=\write3
\openout3 = `main.out'.


Making Title Page
Making Approval Page
[1


{/usr/local/texlive/2015/texmf-var/fonts/map/pdftex/updmap/pdftex.map}]
Making Abstract Page
[2

]
LaTeX Font Info:    Try loading font information for U+msa on input line 57.
 (/usr/local/texlive/2015/texmf-dist/tex/latex/amsfonts/umsa.fd
File: umsa.fd 2013/01/14 v3.01 AMS symbols A
)
LaTeX Font Info:    Try loading font information for U+msb on input line 57.

(/usr/local/texlive/2015/texmf-dist/tex/latex/amsfonts/umsb.fd
File: umsb.fd 2013/01/14 v3.01 AMS symbols B
)
Making Dedication Page
[3

]
centered
Making Acknowledgement Page
[4


]
centered
Making ToC Page
Making Short ToC...
[5


]
centered
Short Chapter (page numbered)
(./main.toc [6

])
\tf@toc=\write4
\openout4 = `main.toc'.


Making LoT Page
Making Short LoT...
[7]
centered
Short Chapter (page numbered)
(./main.lot)
\tf@lot=\write5
\openout5 = `main.lot'.


Making LoF Page
Making Short LoF...
[8

]
centered
Short Chapter (page numbered)
(./main.lof [9

])
\tf@lof=\write6
\openout6 = `main.lof'.




-------------------Beginning Body----------------------


[10] [11] (./macros.tex
\c@th@theorem=\count110
) (./zprimeDefinitions.tex) (./Introduction.tex
 \th@ChapterStyle\th@DoChapCenterChapter \th@ChapterStyle 1.
centered
[1


])

Class thesis Warning: ``thepart'' not available in this class. on input line 62
.

(./theory.tex [2]
 \th@ChapterStyle\th@DoChapCenterChapter \th@ChapterStyle 2.
centered
Missing character: There is no Ã in font cmr10!
Missing character: There is no © in font cmr10!
Missing character: There is no Ã in font cmr10!
Missing character: There is no © in font cmr10!
[3

]

Class thesis Warning: ``thepart'' not available in this class. on input line 19
.

[4]
 \th@ChapterStyle\th@DoChapCenterChapter \th@ChapterStyle 3.
centered
[5

])

Class thesis Warning: ``thepart'' not available in this class. on input line 64
.

(./CMS.tex [6]
 \th@ChapterStyle\th@DoChapCenterChapter \th@ChapterStyle 4.
centered
<figures/LHCRing.jpg, id=374, 610.28pt x 443.6575pt>
File: figures/LHCRing.jpg Graphic file (type jpg)
 <use figures/LHCRing.jpg>
Package pdftex.def Info: figures/LHCRing.jpg used on input line 6.
(pdftex.def)             Requested size: 187.89912pt x 136.59818pt.

<figures/CMSphoto.jpg, id=375, 501.875pt x 333.245pt>
File: figures/CMSphoto.jpg Graphic file (type jpg)

<use figures/CMSphoto.jpg>
Package pdftex.def Info: figures/CMSphoto.jpg used on input line 11.
(pdftex.def)             Requested size: 187.89912pt x 124.76825pt.
 [7

 <./figures/LHCRing.jpg>]
<figures/CMSdiagram.png, id=381, 3189.9175pt x 2253.41875pt>
File: figures/CMSdiagram.png Graphic file (type png)

<use figures/CMSdiagram.png>
Package pdftex.def Info: figures/CMSdiagram.png used on input line 28.
(pdftex.def)             Requested size: 187.89912pt x 132.72362pt.
 [8 <./figures/CMSphoto.jpg>]
<figures/TrackerLayout.png, id=391, 558.085pt x 228.855pt>
File: figures/TrackerLayout.png Graphic file (type png)

<use figures/TrackerLayout.png>
Package pdftex.def Info: figures/TrackerLayout.png used on input line 37.
(pdftex.def)             Requested size: 187.89912pt x 77.0519pt.

<figures/PixelLayout.png, id=392, 504.88625pt x 306.14375pt>
File: figures/PixelLayout.png Graphic file (type png)

<use figures/PixelLayout.png>
Package pdftex.def Info: figures/PixelLayout.png used on input line 48.
(pdftex.def)             Requested size: 187.89912pt x 113.93474pt.
 [9 <./figures/CMSdiagram.png>] [10 <./figures/TrackerLayout.png> <./figures/Pi
xelLayout.png>] [11]
<figures/ECAL_layout.png, id=409, 685.56125pt x 360.34625pt>
File: figures/ECAL_layout.png Graphic file (type png)

<use figures/ECAL_layout.png>
Package pdftex.def Info: figures/ECAL_layout.png used on input line 73.
(pdftex.def)             Requested size: 187.89912pt x 98.76286pt.
 [12 <./figures/ECAL_layout.png>]
<figures/HCAL_layout.png, id=416, 709.65125pt x 494.84875pt>
File: figures/HCAL_layout.png Graphic file (type png)

<use figures/HCAL_layout.png>
Package pdftex.def Info: figures/HCAL_layout.png used on input line 89.
(pdftex.def)             Requested size: 187.89912pt x 131.02103pt.
 [13 <./figures/HCAL_layout.png>]
<figures/Solenoid.png, id=423, 723.70375pt x 539.01375pt>
File: figures/Solenoid.png Graphic file (type png)

<use figures/Solenoid.png>
Package pdftex.def Info: figures/Solenoid.png used on input line 114.
(pdftex.def)             Requested size: 187.89912pt x 139.94287pt.

<figures/muonSystemLayout.png, id=425, 526.96875pt x 402.50375pt>
File: figures/muonSystemLayout.png Graphic file (type png)

<use figures/muonSystemLayout.png>
Package pdftex.def Info: figures/muonSystemLayout.png used on input line 125.
(pdftex.def)             Requested size: 187.89912pt x 143.51935pt.
 [14 <./figures/Solenoid.png>] [15 <./figures/muonSystemLayout.png>] [16] [17] 
[18] [19] [20] [21]) (./strategy.tex [22]
[23]
 \th@ChapterStyle\th@DoChapCenterChapter \th@ChapterStyle 5.
centered
[24

]

LaTeX Warning: Reference `sec:muTauhad' on page 25 undefined on input line 44.


LaTeX Warning: Reference `sec:eMu' on page 25 undefined on input line 44.


LaTeX Warning: Reference `sec:systematics' on page 25 undefined on input line 4
5.


LaTeX Warning: Reference `sec:results' on page 25 undefined on input line 45.

) (./triggers.tex [25]
 \th@ChapterStyle\th@DoChapCenterChapter \th@ChapterStyle 6.
centered

Package hyperref Warning: Difference (2) between bookmark levels is greater 
(hyperref)                than one, level fixed on input line 41.

[26

]
LaTeX Font Info:    Try loading font information for OMS+cmr on input line 49.
 (/usr/local/texlive/2015/texmf-dist/tex/latex/base/omscmr.fd
File: omscmr.fd 2014/09/29 v2.5h Standard LaTeX font definitions
)
LaTeX Font Info:    Font shape `OMS/cmr/m/n' in size <10.95> not available
(Font)              Font shape `OMS/cmsy/m/n' tried instead on input line 49.

Overfull \hbox (14.11269pt too wide) in paragraph at lines 50--51
[]\OT1/cmr/m/n/10.95 passing elec-tron ID (we per-formed dif-fer-ent mea-sure-m
ents for "MVANon-TrigWP80", "HEEP",
 []

[27]
<figures/et-em/triggerStudy/eleTrigTurnOnCurve_ePt_em_HEEP_barrel.pdf, id=499, 
687.27567pt x 762.42752pt>
File: figures/et-em/triggerStudy/eleTrigTurnOnCurve_ePt_em_HEEP_barrel.pdf Grap
hic file (type pdf)

<use figures/et-em/triggerStudy/eleTrigTurnOnCurve_ePt_em_HEEP_barrel.pdf>
Package pdftex.def Info: figures/et-em/triggerStudy/eleTrigTurnOnCurve_ePt_em_H
EEP_barrel.pdf used on input line 88.
(pdftex.def)             Requested size: 211.3883pt x 234.50034pt.

<figures/et-em/triggerStudy/eleTrigTurnOnCurve_ePt_em_HEEP_endcap.pdf, id=500, 
351.3125pt x 389.72763pt>
File: figures/et-em/triggerStudy/eleTrigTurnOnCurve_ePt_em_HEEP_endcap.pdf Grap
hic file (type pdf)

<use figures/et-em/triggerStudy/eleTrigTurnOnCurve_ePt_em_HEEP_endcap.pdf>
Package pdftex.def Info: figures/et-em/triggerStudy/eleTrigTurnOnCurve_ePt_em_H
EEP_endcap.pdf used on input line 89.
(pdftex.def)             Requested size: 211.3883pt x 234.51036pt.

<figures/et-em/triggerStudy/eleTrigTurnOnCurve_ePt_em_MVANonTrig80_barrel.pdf, 
id=501, 351.3125pt x 389.72763pt>
File: figures/et-em/triggerStudy/eleTrigTurnOnCurve_ePt_em_MVANonTrig80_barrel.
pdf Graphic file (type pdf)

<use figures/et-em/triggerStudy/eleTrigTurnOnCurve_ePt_em_MVANonTrig80_barrel.p
df>
Package pdftex.def Info: figures/et-em/triggerStudy/eleTrigTurnOnCurve_ePt_em_M
VANonTrig80_barrel.pdf used on input line 90.
(pdftex.def)             Requested size: 211.3883pt x 234.51036pt.

<figures/et-em/triggerStudy/eleTrigTurnOnCurve_ePt_em_MVANonTrig80_endcap.pdf, 
id=502, 351.3125pt x 389.72763pt>
File: figures/et-em/triggerStudy/eleTrigTurnOnCurve_ePt_em_MVANonTrig80_endcap.
pdf Graphic file (type pdf)

<use figures/et-em/triggerStudy/eleTrigTurnOnCurve_ePt_em_MVANonTrig80_endcap.p
df>
Package pdftex.def Info: figures/et-em/triggerStudy/eleTrigTurnOnCurve_ePt_em_M
VANonTrig80_endcap.pdf used on input line 91.
(pdftex.def)             Requested size: 211.3883pt x 234.51036pt.

<figures/et-em/triggerStudy/eleTrigTurnOnCurve_ePt_em_MVATrigWP80_barrel.pdf, i
d=503, 351.3125pt x 389.72763pt>
File: figures/et-em/triggerStudy/eleTrigTurnOnCurve_ePt_em_MVATrigWP80_barrel.p
df Graphic file (type pdf)

<use figures/et-em/triggerStudy/eleTrigTurnOnCurve_ePt_em_MVATrigWP80_barrel.pd
f>
Package pdftex.def Info: figures/et-em/triggerStudy/eleTrigTurnOnCurve_ePt_em_M
VATrigWP80_barrel.pdf used on input line 92.
(pdftex.def)             Requested size: 211.3883pt x 234.51036pt.

<figures/et-em/triggerStudy/eleTrigTurnOnCurve_ePt_em_MVATrigWP80_endcap.pdf, i
d=504, 351.3125pt x 389.72763pt>
File: figures/et-em/triggerStudy/eleTrigTurnOnCurve_ePt_em_MVATrigWP80_endcap.p
df Graphic file (type pdf)

<use figures/et-em/triggerStudy/eleTrigTurnOnCurve_ePt_em_MVATrigWP80_endcap.pd
f>
Package pdftex.def Info: figures/et-em/triggerStudy/eleTrigTurnOnCurve_ePt_em_M
VATrigWP80_endcap.pdf used on input line 93.
(pdftex.def)             Requested size: 211.3883pt x 234.51036pt.


LaTeX Warning: Float too large for page by 111.41115pt on input line 99.


<figures/et-em/triggerStudy_2bins/eleTrigTurnOnCurve_ePt_em_HEEP_barrel_2bins.p
df, id=505, 569.12625pt x 631.35875pt>
File: figures/et-em/triggerStudy_2bins/eleTrigTurnOnCurve_ePt_em_HEEP_barrel_2b
ins.pdf Graphic file (type pdf)

<use figures/et-em/triggerStudy_2bins/eleTrigTurnOnCurve_ePt_em_HEEP_barrel_2bi
ns.pdf>
Package pdftex.def Info: figures/et-em/triggerStudy_2bins/eleTrigTurnOnCurve_eP
t_em_HEEP_barrel_2bins.pdf used on input line 101.
(pdftex.def)             Requested size: 187.89912pt x 208.44536pt.

<figures/et-em/triggerStudy_2bins/eleTrigTurnOnCurve_ePt_em_HEEP_endcap_2bins.p
df, id=506, 569.12625pt x 631.35875pt>
File: figures/et-em/triggerStudy_2bins/eleTrigTurnOnCurve_ePt_em_HEEP_endcap_2b
ins.pdf Graphic file (type pdf)

<use figures/et-em/triggerStudy_2bins/eleTrigTurnOnCurve_ePt_em_HEEP_endcap_2bi
ns.pdf>
Package pdftex.def Info: figures/et-em/triggerStudy_2bins/eleTrigTurnOnCurve_eP
t_em_HEEP_endcap_2bins.pdf used on input line 102.
(pdftex.def)             Requested size: 187.89912pt x 208.44536pt.

<figures/et-em/triggerStudy_2bins/eleTrigTurnOnCurve_ePt_em_MVANonTrig80_barrel
_2bins.pdf, id=507, 569.12625pt x 631.35875pt>
File: figures/et-em/triggerStudy_2bins/eleTrigTurnOnCurve_ePt_em_MVANonTrig80_b
arrel_2bins.pdf Graphic file (type pdf)

<use figures/et-em/triggerStudy_2bins/eleTrigTurnOnCurve_ePt_em_MVANonTrig80_ba
rrel_2bins.pdf>
Package pdftex.def Info: figures/et-em/triggerStudy_2bins/eleTrigTurnOnCurve_eP
t_em_MVANonTrig80_barrel_2bins.pdf used on input line 103.
(pdftex.def)             Requested size: 187.89912pt x 208.44536pt.

<figures/et-em/triggerStudy_2bins/eleTrigTurnOnCurve_ePt_em_MVANonTrig80_endcap
_2bins.pdf, id=508, 569.12625pt x 631.35875pt>
File: figures/et-em/triggerStudy_2bins/eleTrigTurnOnCurve_ePt_em_MVANonTrig80_e
ndcap_2bins.pdf Graphic file (type pdf)

<use figures/et-em/triggerStudy_2bins/eleTrigTurnOnCurve_ePt_em_MVANonTrig80_en
dcap_2bins.pdf>
Package pdftex.def Info: figures/et-em/triggerStudy_2bins/eleTrigTurnOnCurve_eP
t_em_MVANonTrig80_endcap_2bins.pdf used on input line 104.
(pdftex.def)             Requested size: 187.89912pt x 208.44536pt.

<figures/et-em/triggerStudy_2bins/eleTrigTurnOnCurve_ePt_em_MVATrigWP80_barrel_
2bins.pdf, id=509, 569.12625pt x 631.35875pt>
File: figures/et-em/triggerStudy_2bins/eleTrigTurnOnCurve_ePt_em_MVATrigWP80_ba
rrel_2bins.pdf Graphic file (type pdf)

<use figures/et-em/triggerStudy_2bins/eleTrigTurnOnCurve_ePt_em_MVATrigWP80_bar
rel_2bins.pdf>
Package pdftex.def Info: figures/et-em/triggerStudy_2bins/eleTrigTurnOnCurve_eP
t_em_MVATrigWP80_barrel_2bins.pdf used on input line 105.
(pdftex.def)             Requested size: 187.89912pt x 208.44536pt.

<figures/et-em/triggerStudy_2bins/eleTrigTurnOnCurve_ePt_em_MVATrigWP80_endcap_
2bins.pdf, id=510, 569.12625pt x 631.35875pt>
File: figures/et-em/triggerStudy_2bins/eleTrigTurnOnCurve_ePt_em_MVATrigWP80_en
dcap_2bins.pdf Graphic file (type pdf)

<use figures/et-em/triggerStudy_2bins/eleTrigTurnOnCurve_ePt_em_MVATrigWP80_end
cap_2bins.pdf>
Package pdftex.def Info: figures/et-em/triggerStudy_2bins/eleTrigTurnOnCurve_eP
t_em_MVATrigWP80_endcap_2bins.pdf used on input line 106.
(pdftex.def)             Requested size: 187.89912pt x 208.44536pt.


LaTeX Warning: Float too large for page by 46.20782pt on input line 113.


Overfull \hbox (0.43854pt too wide) in paragraph at lines 116--123
\OT1/cmr/m/n/10.95 lect (tag) events with a single-electron trig-ger (HLT[]Ele2
7[]eta2p1[]WPLoose for data and HLT[]Ele27
 []


<figures/et-em/triggerStudy/muonTrigTurnOnCurve_mPt_em_MVANonTrig80_mu_barrel.p
df, id=512, 351.3125pt x 389.72763pt>
File: figures/et-em/triggerStudy/muonTrigTurnOnCurve_mPt_em_MVANonTrig80_mu_bar
rel.pdf Graphic file (type pdf)

<use figures/et-em/triggerStudy/muonTrigTurnOnCurve_mPt_em_MVANonTrig80_mu_barr
el.pdf>
Package pdftex.def Info: figures/et-em/triggerStudy/muonTrigTurnOnCurve_mPt_em_
MVANonTrig80_mu_barrel.pdf used on input line 132.
(pdftex.def)             Requested size: 211.3883pt x 234.51036pt.

<figures/et-em/triggerStudy/muonTrigTurnOnCurve_mPt_em_MVANonTrig80_mu_endcap.p
df, id=513, 351.3125pt x 389.73724pt>
File: figures/et-em/triggerStudy/muonTrigTurnOnCurve_mPt_em_MVANonTrig80_mu_end
cap.pdf Graphic file (type pdf)

<use figures/et-em/triggerStudy/muonTrigTurnOnCurve_mPt_em_MVANonTrig80_mu_endc
ap.pdf>
Package pdftex.def Info: figures/et-em/triggerStudy/muonTrigTurnOnCurve_mPt_em_
MVANonTrig80_mu_endcap.pdf used on input line 133.
(pdftex.def)             Requested size: 211.3883pt x 234.51614pt.

<figures/et-em/triggerStudy_2bins/muonTrigTurnOnCurve_mPt_em_MVANonTrig80_mu_ba
rrel_2bins.pdf, id=514, 569.12625pt x 631.35875pt>
File: figures/et-em/triggerStudy_2bins/muonTrigTurnOnCurve_mPt_em_MVANonTrig80_
mu_barrel_2bins.pdf Graphic file (type pdf)

<use figures/et-em/triggerStudy_2bins/muonTrigTurnOnCurve_mPt_em_MVANonTrig80_m
u_barrel_2bins.pdf>
Package pdftex.def Info: figures/et-em/triggerStudy_2bins/muonTrigTurnOnCurve_m
Pt_em_MVANonTrig80_mu_barrel_2bins.pdf used on input line 134.
(pdftex.def)             Requested size: 211.3883pt x 234.50465pt.

<figures/et-em/triggerStudy_2bins/muonTrigTurnOnCurve_mPt_em_MVANonTrig80_mu_en
dcap_2bins.pdf, id=515, 569.12625pt x 631.35875pt>
File: figures/et-em/triggerStudy_2bins/muonTrigTurnOnCurve_mPt_em_MVANonTrig80_
mu_endcap_2bins.pdf Graphic file (type pdf)

<use figures/et-em/triggerStudy_2bins/muonTrigTurnOnCurve_mPt_em_MVANonTrig80_m
u_endcap_2bins.pdf>
Package pdftex.def Info: figures/et-em/triggerStudy_2bins/muonTrigTurnOnCurve_m
Pt_em_MVANonTrig80_mu_endcap_2bins.pdf used on input line 135.
(pdftex.def)             Requested size: 211.3883pt x 234.50465pt.
 [28] [29 <./figures/et-em/triggerStudy/eleTrigTurnOnCurve_ePt_em_HEEP_barrel.p
df> <./figures/et-em/triggerStudy/eleTrigTurnOnCurve_ePt_em_HEEP_endcap.pdf> <.
/figures/et-em/triggerStudy/eleTrigTurnOnCurve_ePt_em_MVANonTrig80_barrel.pdf> 
<./figures/et-em/triggerStudy/eleTrigTurnOnCurve_ePt_em_MVANonTrig80_endcap.pdf
> <./figures/et-em/triggerStudy/eleTrigTurnOnCurve_ePt_em_MVATrigWP80_barrel.pd
f> <./figures/et-em/triggerStudy/eleTrigTurnOnCurve_ePt_em_MVATrigWP80_endcap.p
df>] [30 <./figures/et-em/triggerStudy_2bins/eleTrigTurnOnCurve_ePt_em_HEEP_bar
rel_2bins.pdf> <./figures/et-em/triggerStudy_2bins/eleTrigTurnOnCurve_ePt_em_HE
EP_endcap_2bins.pdf> <./figures/et-em/triggerStudy_2bins/eleTrigTurnOnCurve_ePt
_em_MVANonTrig80_barrel_2bins.pdf> <./figures/et-em/triggerStudy_2bins/eleTrigT
urnOnCurve_ePt_em_MVANonTrig80_endcap_2bins.pdf> <./figures/et-em/triggerStudy_
2bins/eleTrigTurnOnCurve_ePt_em_MVATrigWP80_barrel_2bins.pdf> <./figures/et-em/
triggerStudy_2bins/eleTrigTurnOnCurve_ePt_em_MVATrigWP80_endcap_2bins.pdf>] [31
 <./figures/et-em/triggerStudy/muonTrigTurnOnCurve_mPt_em_MVANonTrig80_mu_barre
l.pdf> <./figures/et-em/triggerStudy/muonTrigTurnOnCurve_mPt_em_MVANonTrig80_mu
_endcap.pdf> <./figures/et-em/triggerStudy_2bins/muonTrigTurnOnCurve_mPt_em_MVA
NonTrig80_mu_barrel_2bins.pdf> <./figures/et-em/triggerStudy_2bins/muonTrigTurn
OnCurve_mPt_em_MVANonTrig80_mu_endcap_2bins.pdf>]
Overfull \hbox (124.34962pt too wide) in paragraph at lines 173--188
[]\OT1/cmr/m/n/10.95 The nu-mer-a-tor is de-fined by ad-di-tion-ally re-quir-in
g those events to pass the HLT[]IsoMu17[]etap2p1[]MediumIsoPFTau40*
 []

[32] <figures/TriggerEff_Signal.pdf, id=964, 722.7pt x 542.025pt>
File: figures/TriggerEff_Signal.pdf Graphic file (type pdf)

<use figures/TriggerEff_Signal.pdf>
Package pdftex.def Info: figures/TriggerEff_Signal.pdf used on input line 191.
(pdftex.def)             Requested size: 187.89912pt x 140.92317pt.

<figures/CrystalBall.pdf, id=965, 569.12625pt x 386.44376pt>
File: figures/CrystalBall.pdf Graphic file (type pdf)

<use figures/CrystalBall.pdf>
Package pdftex.def Info: figures/CrystalBall.pdf used on input line 192.
(pdftex.def)             Requested size: 234.87749pt x 159.48666pt.
) (./samples.tex [33 <./figures/TriggerEff_Signal.pdf> <./figures/CrystalBall.p
df, page is rotated 90 degrees>] [34]
 \th@ChapterStyle\th@DoChapCenterChapter \th@ChapterStyle 7.
centered
[35

]) (./recoObjectAndID.tex [36] [37]
 \th@ChapterStyle\th@DoChapCenterChapter \th@ChapterStyle 8.
centered
(./jetreco.tex

LaTeX Warning: Citation `CMS-PAS-PFT-09-001' on page 38 undefined on input line
 3.


LaTeX Warning: Citation `CMS-PAS-PFT-10-002' on page 38 undefined on input line
 3.


LaTeX Warning: Citation `anti-kT' on page 38 undefined on input line 6.


LaTeX Warning: Citation `CMS-PAS-FSQ-12-035' on page 38 undefined on input line
 19.

[38

]

LaTeX Warning: Citation `Chatrchyan:2012jua' on page 39 undefined on input line
 46.


LaTeX Warning: Citation `CMS-PAS-BTV-13-001' on page 39 undefined on input line
 52.


LaTeX Warning: Citation `bTagging' on page 39 undefined on input line 53.

) (./electronidAndReco.tex

LaTeX Warning: Citation `eRecoCMS' on page 39 undefined on input line 11.

[39]) (./muonidAndreco.tex

LaTeX Warning: Citation `CMS_MUO_10-004' on page 40 undefined on input line 9.

[40]

LaTeX Warning: Citation `CMS_MUO_10-004' on page 41 undefined on input line 24.



LaTeX Warning: Citation `CMS_MUO_11-001' on page 41 undefined on input line 24.


[41]) (./tauidAndreco.tex [42] [43]
<figures/DMF_4_29_16.pdf, id=1091, 569.12625pt x 546.04pt>
File: figures/DMF_4_29_16.pdf Graphic file (type pdf)

<use figures/DMF_4_29_16.pdf>
Package pdftex.def Info: figures/DMF_4_29_16.pdf used on input line 69.
(pdftex.def)             Requested size: 140.92792pt x 135.20988pt.

<figures/DMF_eta_4_29_16.pdf, id=1092, 569.12625pt x 546.04pt>
File: figures/DMF_eta_4_29_16.pdf Graphic file (type pdf)

<use figures/DMF_eta_4_29_16.pdf>
Package pdftex.def Info: figures/DMF_eta_4_29_16.pdf used on input line 70.
(pdftex.def)             Requested size: 140.92792pt x 135.20988pt.

<figures/DMF_nvtx_4_29_16.pdf, id=1093, 569.12625pt x 546.04pt>
File: figures/DMF_nvtx_4_29_16.pdf Graphic file (type pdf)

<use figures/DMF_nvtx_4_29_16.pdf>
Package pdftex.def Info: figures/DMF_nvtx_4_29_16.pdf used on input line 71.
(pdftex.def)             Requested size: 140.92792pt x 135.20988pt.

<figures/AgainstMuon_4_29_16.pdf, id=1094, 569.12625pt x 546.04pt>
File: figures/AgainstMuon_4_29_16.pdf Graphic file (type pdf)

<use figures/AgainstMuon_4_29_16.pdf>
Package pdftex.def Info: figures/AgainstMuon_4_29_16.pdf used on input line 80.

(pdftex.def)             Requested size: 140.92792pt x 135.20988pt.

<figures/AgainstMuon_eta_4_29_16.pdf, id=1095, 569.12625pt x 546.04pt>
File: figures/AgainstMuon_eta_4_29_16.pdf Graphic file (type pdf)

<use figures/AgainstMuon_eta_4_29_16.pdf>
Package pdftex.def Info: figures/AgainstMuon_eta_4_29_16.pdf used on input line
 81.
(pdftex.def)             Requested size: 140.92792pt x 135.20988pt.

<figures/AgainstMuon_nvtx_4_29_16.pdf, id=1096, 569.12625pt x 546.04pt>
File: figures/AgainstMuon_nvtx_4_29_16.pdf Graphic file (type pdf)

<use figures/AgainstMuon_nvtx_4_29_16.pdf>
Package pdftex.def Info: figures/AgainstMuon_nvtx_4_29_16.pdf used on input lin
e 82.
(pdftex.def)             Requested size: 140.92792pt x 135.20988pt.

<figures/AgainstElectron_4_29_16.pdf, id=1097, 569.12625pt x 546.04pt>
File: figures/AgainstElectron_4_29_16.pdf Graphic file (type pdf)

<use figures/AgainstElectron_4_29_16.pdf>
Package pdftex.def Info: figures/AgainstElectron_4_29_16.pdf used on input line
 92.
(pdftex.def)             Requested size: 140.92792pt x 135.20988pt.

<figures/AgainstElectron_eta_4_29_16.pdf, id=1098, 569.12625pt x 546.04pt>
File: figures/AgainstElectron_eta_4_29_16.pdf Graphic file (type pdf)

<use figures/AgainstElectron_eta_4_29_16.pdf>
Package pdftex.def Info: figures/AgainstElectron_eta_4_29_16.pdf used on input 
line 93.
(pdftex.def)             Requested size: 140.92792pt x 135.20988pt.

<figures/AgainstElectron_nvtx_4_29_16.pdf, id=1099, 569.12625pt x 546.04pt>
File: figures/AgainstElectron_nvtx_4_29_16.pdf Graphic file (type pdf)

<use figures/AgainstElectron_nvtx_4_29_16.pdf>
Package pdftex.def Info: figures/AgainstElectron_nvtx_4_29_16.pdf used on input
 line 94.
(pdftex.def)             Requested size: 140.92792pt x 135.20988pt.

<figures/CombinedIso_4_29_16.pdf, id=1100, 569.12625pt x 546.04pt>
File: figures/CombinedIso_4_29_16.pdf Graphic file (type pdf)

<use figures/CombinedIso_4_29_16.pdf>
Package pdftex.def Info: figures/CombinedIso_4_29_16.pdf used on input line 103
.
(pdftex.def)             Requested size: 140.92792pt x 135.20988pt.

<figures/CombinedIso_eta_4_29_16.pdf, id=1101, 569.12625pt x 546.04pt>
File: figures/CombinedIso_eta_4_29_16.pdf Graphic file (type pdf)

<use figures/CombinedIso_eta_4_29_16.pdf>
Package pdftex.def Info: figures/CombinedIso_eta_4_29_16.pdf used on input line
 104.
(pdftex.def)             Requested size: 140.92792pt x 135.20988pt.

<figures/CombinedIso_nvtx_4_29_16.pdf, id=1102, 569.12625pt x 546.04pt>
File: figures/CombinedIso_nvtx_4_29_16.pdf Graphic file (type pdf)

<use figures/CombinedIso_nvtx_4_29_16.pdf>
Package pdftex.def Info: figures/CombinedIso_nvtx_4_29_16.pdf used on input lin
e 105.
(pdftex.def)             Requested size: 140.92792pt x 135.20988pt.
 [44 <./figures/DMF_4_29_16.pdf, page is rotated 90 degrees> <./figures/DMF_eta
_4_29_16.pdf, page is rotated 90 degrees> <./figures/DMF_nvtx_4_29_16.pdf, page
 is rotated 90 degrees>] [45 <./figures/AgainstMuon_4_29_16.pdf, page is rotate
d 90 degrees> <./figures/AgainstMuon_eta_4_29_16.pdf, page is rotated 90 degree
s> <./figures/AgainstMuon_nvtx_4_29_16.pdf, page is rotated 90 degrees> <./figu
res/AgainstElectron_4_29_16.pdf, page is rotated 90 degrees> <./figures/Against
Electron_eta_4_29_16.pdf, page is rotated 90 degrees> <./figures/AgainstElectro
n_nvtx_4_29_16.pdf, page is rotated 90 degrees> <./figures/CombinedIso_4_29_16.
pdf, page is rotated 90 degrees> <./figures/CombinedIso_eta_4_29_16.pdf, page i
s rotated 90 degrees> <./figures/CombinedIso_nvtx_4_29_16.pdf, page is rotated 
90 degrees>]
<figures/Tau2dResolution_4_29_16.pdf, id=1631, 569.12625pt x 546.04pt>
File: figures/Tau2dResolution_4_29_16.pdf Graphic file (type pdf)

<use figures/Tau2dResolution_4_29_16.pdf>
Package pdftex.def Info: figures/Tau2dResolution_4_29_16.pdf used on input line
 120.
(pdftex.def)             Requested size: 140.92792pt x 135.20988pt.

<figures/TauResolution_500to750_4_29_16.pdf, id=1632, 569.12625pt x 546.04pt>
File: figures/TauResolution_500to750_4_29_16.pdf Graphic file (type pdf)

<use figures/TauResolution_500to750_4_29_16.pdf>
Package pdftex.def Info: figures/TauResolution_500to750_4_29_16.pdf used on inp
ut line 121.
(pdftex.def)             Requested size: 140.92792pt x 135.20988pt.
) (./metreco.tex

LaTeX Warning: Citation `MET' on page 46 undefined on input line 9.

[46 <./figures/Tau2dResolution_4_29_16.pdf, page is rotated 90 degrees> <./figu
res/TauResolution_500to750_4_29_16.pdf, page is rotated 90 degrees>])
(./pileup.tex
<figures/et-em/PUReweighting/13TeV_em_OS.pdf, id=1725, 569.12625pt x 736.7525pt
>
File: figures/et-em/PUReweighting/13TeV_em_OS.pdf Graphic file (type pdf)
 <use figures/et-em/PUReweighting/13TeV_em_OS.pdf>
Package pdftex.def Info: figures/et-em/PUReweighting/13TeV_em_OS.pdf used on in
put line 32.
(pdftex.def)             Requested size: 187.89912pt x 243.24149pt.

<figures/et-em/PUReweighting/13TeV_em_puweight_OS.pdf, id=1726, 569.12625pt x 7
36.7525pt>
File: figures/et-em/PUReweighting/13TeV_em_puweight_OS.pdf Graphic file (type p
df)
 <use figures/et-em/PUReweighting/13TeV_em_puweight_OS.pdf>
Package pdftex.def Info: figures/et-em/PUReweighting/13TeV_em_puweight_OS.pdf u
sed on input line 33.
(pdftex.def)             Requested size: 187.89912pt x 243.24149pt.

<figures/et-em/PUReweighting/13TeV_et_OS_1and3prong.pdf, id=1727, 569.12625pt x
 736.7525pt>
File: figures/et-em/PUReweighting/13TeV_et_OS_1and3prong.pdf Graphic file (type
 pdf)
 <use figures/et-em/PUReweighting/13TeV_et_OS_1and3prong.pdf>
Package pdftex.def Info: figures/et-em/PUReweighting/13TeV_et_OS_1and3prong.pdf
 used on input line 34.
(pdftex.def)             Requested size: 187.89912pt x 243.24149pt.

<figures/et-em/PUReweighting/13TeV_et_puweight_OS_1and3prong.pdf, id=1728, 569.
12625pt x 736.7525pt>
File: figures/et-em/PUReweighting/13TeV_et_puweight_OS_1and3prong.pdf Graphic f
ile (type pdf)

<use figures/et-em/PUReweighting/13TeV_et_puweight_OS_1and3prong.pdf>
Package pdftex.def Info: figures/et-em/PUReweighting/13TeV_et_puweight_OS_1and3
prong.pdf used on input line 35.
(pdftex.def)             Requested size: 187.89912pt x 243.24149pt.
))
No file main.bbl.
Package atveryend Info: Empty hook `BeforeClearDocument' on input line 89.
[47] [48 <./figures/et-em/PUReweighting/13TeV_em_OS.pdf> <./figures/et-em/PURew
eighting/13TeV_em_puweight_OS.pdf> <./figures/et-em/PUReweighting/13TeV_et_OS_1
and3prong.pdf> <./figures/et-em/PUReweighting/13TeV_et_puweight_OS_1and3prong.p
df>]
Package atveryend Info: Empty hook `AfterLastShipout' on input line 89.
 (./main.aux)
Package atveryend Info: Executing hook `AtVeryEndDocument' on input line 89.
Package atveryend Info: Executing hook `AtEndAfterFileList' on input line 89.
Package rerunfilecheck Info: File `main.out' has not changed.
(rerunfilecheck)             Checksum: 7DF337BBB6F25EF1B1CE2DB1F800CCC0;2847.


LaTeX Warning: There were undefined references.


LaTeX Warning: Label(s) may have changed. Rerun to get cross-references right.

Package atveryend Info: Empty hook `AtVeryVeryEnd' on input line 89.
 ) 
Here is how much of TeX's memory you used:
 6370 strings out of 493089
 99972 string characters out of 6134842
 212320 words of memory out of 5000000
 9547 multiletter control sequences out of 15000+600000
 16080 words of font info for 61 fonts, out of 8000000 for 9000
 1141 hyphenation exceptions out of 8191
 29i,11n,38p,1365b,406s stack positions out of 5000i,500n,10000p,200000b,80000s
</usr/local/texlive/2015/texmf-dist/fonts/type1/public/amsfonts/cm/cmbx10.pfb
></usr/local/texlive/2015/texmf-dist/fonts/type1/public/amsfonts/cm/cmbx12.pfb>
</usr/local/texlive/2015/texmf-dist/fonts/type1/public/amsfonts/cm/cmcsc10.pfb>
</usr/local/texlive/2015/texmf-dist/fonts/type1/public/amsfonts/cm/cmex10.pfb><
/usr/local/texlive/2015/texmf-dist/fonts/type1/public/amsfonts/cm/cmmi10.pfb></
usr/local/texlive/2015/texmf-dist/fonts/type1/public/amsfonts/cm/cmmi12.pfb></u
sr/local/texlive/2015/texmf-dist/fonts/type1/public/amsfonts/cm/cmmi8.pfb></usr
/local/texlive/2015/texmf-dist/fonts/type1/public/amsfonts/cm/cmmi9.pfb></usr/l
ocal/texlive/2015/texmf-dist/fonts/type1/public/amsfonts/cm/cmr10.pfb></usr/loc
al/texlive/2015/texmf-dist/fonts/type1/public/amsfonts/cm/cmr17.pfb></usr/local
/texlive/2015/texmf-dist/fonts/type1/public/amsfonts/cm/cmr8.pfb></usr/local/te
xlive/2015/texmf-dist/fonts/type1/public/amsfonts/cm/cmr9.pfb></usr/local/texli
ve/2015/texmf-dist/fonts/type1/public/amsfonts/cm/cmsy10.pfb></usr/local/texliv
e/2015/texmf-dist/fonts/type1/public/amsfonts/cm/cmsy6.pfb></usr/local/texlive/
2015/texmf-dist/fonts/type1/public/amsfonts/cm/cmsy8.pfb></usr/local/texlive/20
15/texmf-dist/fonts/type1/public/amsfonts/cm/cmsy9.pfb></usr/local/texlive/2015
/texmf-dist/fonts/type1/public/amsfonts/cm/cmti8.pfb></usr/local/texlive/2015/t
exmf-dist/fonts/type1/public/amsfonts/cm/cmti9.pfb></usr/local/texlive/2015/tex
mf-dist/fonts/type1/public/amsfonts/cm/cmtt10.pfb>
Output written on main.pdf (59 pages, 8386661 bytes).
PDF statistics:
 1936 PDF objects out of 2073 (max. 8388607)
 1176 compressed objects within 12 object streams
 141 named destinations out of 1000 (max. 500000)
 546 words of extra memory for PDF output out of 10000 (max. 10000000)

