\BOOKMARK [0][-]{chapter.1}{Outline}{}% 1
\BOOKMARK [1][-]{section.1.1}{Standard model}{chapter.1}% 2
\BOOKMARK [1][-]{section.1.2}{The CMS Experiment}{chapter.1}% 3
\BOOKMARK [1][-]{section.1.3}{EMu channel @ 8TeV}{chapter.1}% 4
\BOOKMARK [1][-]{section.1.4}{TauTau channel @ 13TeV}{chapter.1}% 5
\BOOKMARK [0][-]{chapter.2}{Introduction}{}% 6
\BOOKMARK [1][-]{section.2.1}{Introduction}{chapter.2}% 7
\BOOKMARK [0][-]{chapter.3}{The Standard Model}{}% 8
\BOOKMARK [1][-]{section.3.1}{Particles of the Standard Model}{chapter.3}% 9
\BOOKMARK [1][-]{section.3.2}{Quantum Electrodynamics}{chapter.3}% 10
\BOOKMARK [1][-]{section.3.3}{Electroweak Theory}{chapter.3}% 11
\BOOKMARK [1][-]{section.3.4}{Quantum Chromodynamics}{chapter.3}% 12
\BOOKMARK [1][-]{section.3.5}{Spontaneous Symmetry Breaking and the Higgs Mechanism}{chapter.3}% 13
\BOOKMARK [0][-]{chapter.4}{Beyond the Standard Model}{}% 14
\BOOKMARK [1][-]{section.4.1}{Models Predicting New Neutral Bosons}{chapter.4}% 15
\BOOKMARK [2][-]{subsection.4.1.1}{Sequential Standard Model \(SSM\)}{section.4.1}% 16
\BOOKMARK [2][-]{subsection.4.1.2}{Grand Unified Theory \(GUT\)-inspired Models}{section.4.1}% 17
\BOOKMARK [0][-]{chapter.5}{The Compact Muon Solenoid \(CMS\) Experiment}{}% 18
\BOOKMARK [1][-]{section.5.1}{The silicon tracker}{chapter.5}% 19
\BOOKMARK [2][-]{subsection.5.1.1}{The pixel detector}{section.5.1}% 20
\BOOKMARK [2][-]{subsection.5.1.2}{The strip tracker}{section.5.1}% 21
\BOOKMARK [1][-]{section.5.2}{The electromagnetic calorimeter}{chapter.5}% 22
\BOOKMARK [1][-]{section.5.3}{The hadronic calorimeter}{chapter.5}% 23
\BOOKMARK [1][-]{section.5.4}{The CMS magnet}{chapter.5}% 24
\BOOKMARK [1][-]{section.5.5}{The muon system}{chapter.5}% 25
\BOOKMARK [2][-]{subsection.5.5.1}{Drift tubes \(DTs\)}{section.5.5}% 26
\BOOKMARK [2][-]{subsection.5.5.2}{Cathode strip chambers \(CSCs\)}{section.5.5}% 27
\BOOKMARK [2][-]{subsection.5.5.3}{Resistive plate chambers \(RPCs\)}{section.5.5}% 28
\BOOKMARK [1][-]{section.5.6}{The trigger system}{chapter.5}% 29
\BOOKMARK [2][-]{subsection.5.6.1}{The Level-1 \(L1\) trigger\)}{section.5.6}% 30
\BOOKMARK [2][-]{subsection.5.6.2}{The High level trigger \(HLT\)}{section.5.6}% 31
\BOOKMARK [1][-]{section.5.7}{Particle Reconstruction}{chapter.5}% 32
\BOOKMARK [2][-]{subsection.5.7.1}{Particle Flow}{section.5.7}% 33
\BOOKMARK [0][-]{chapter.6}{Strategy}{}% 34
\BOOKMARK [0][-]{chapter.7}{Triggers}{}% 35
\BOOKMARK [1][-]{subsection.7.0.1}{Single Lepton Trigger Efficiency}{chapter.7}% 36
\BOOKMARK [2][-]{subsection.7.0.2}{Single Electron Trigger Efficiency}{subsection.7.0.1}% 37
\BOOKMARK [2][-]{subsection.7.0.3}{Single Muon Trigger Efficiency}{subsection.7.0.1}% 38
\BOOKMARK [2][-]{subsection.7.0.4}{Di-Tau Trigger Efficiency}{subsection.7.0.1}% 39
\BOOKMARK [0][-]{chapter.8}{Data and Monte Carlo Samples}{}% 40
\BOOKMARK [0][-]{chapter.9}{Physics Object Reconstruction}{}% 41
\BOOKMARK [1][-]{section.9.1}{Jet Reconstruction}{chapter.9}% 42
\BOOKMARK [1][-]{section.9.2}{Electron Reconstruction and Identification}{chapter.9}% 43
\BOOKMARK [1][-]{section.9.3}{Muon Reconstruction and Identification}{chapter.9}% 44
\BOOKMARK [1][-]{section.9.4}{Tau Reconstruction and Identification}{chapter.9}% 45
\BOOKMARK [2][-]{subsection.9.4.1}{Efficiency of Tau Identification discriminators}{section.9.4}% 46
\BOOKMARK [2][-]{subsection.9.4.2}{Tau Energy Scale and Resolution}{section.9.4}% 47
\BOOKMARK [1][-]{section.9.5}{Missing transverse energy}{chapter.9}% 48
\BOOKMARK [1][-]{section.9.6}{Corrections for Pile-Up}{chapter.9}% 49
\BOOKMARK [0][-]{chapter.10}{Muon + Hadronic Tau Channel}{}% 50
\BOOKMARK [1][-]{subsection.10.0.1}{W + jets Background Estimation}{chapter.10}% 51
\BOOKMARK [2][-]{subsection.10.0.2}{DY + jets Background Estimation}{subsection.10.0.1}% 52
\BOOKMARK [2][-]{subsection.10.0.3}{Other Small Backgrounds}{subsection.10.0.1}% 53
\BOOKMARK [0][-]{chapter.11}{The hhChannel}{}% 54
\BOOKMARK [1][-]{subsection.11.0.1}{QCD Background Estimation \046 Validation Strategy}{chapter.11}% 55
\BOOKMARK [2][-]{subsection.11.0.2}{Background Estimation for Z \(to tau tau\) + jets}{subsection.11.0.1}% 56
\BOOKMARK [0][-]{chapter.12}{Electron + Hadronic Tau Channel}{}% 57
\BOOKMARK [1][-]{subsection.12.0.1}{Event selection}{chapter.12}% 58
\BOOKMARK [2][-]{subsection.12.0.2}{Genuine dilepton events}{subsection.12.0.1}% 59
\BOOKMARK [2][-]{subsection.12.0.3}{QCD multi-jet background}{subsection.12.0.1}% 60
\BOOKMARK [2][-]{subsection.12.0.4}{W+jets background}{subsection.12.0.1}% 61
\BOOKMARK [2][-]{subsection.12.0.5}{Overlays of observations and SM predictions}{subsection.12.0.1}% 62
\BOOKMARK [2][-]{subsection.12.0.6}{Post-unblinding: further checks of the backgrounds}{subsection.12.0.1}% 63
\BOOKMARK [0][-]{chapter.13}{Electron + Muon Channel}{}% 64
\BOOKMARK [1][-]{section.13.1}{Event selection}{chapter.13}% 65
\BOOKMARK [1][-]{section.13.2}{Genuine dilepton events}{chapter.13}% 66
\BOOKMARK [2][-]{subsection.13.2.1}{Drell-Yan process}{section.13.2}% 67
\BOOKMARK [2][-]{subsection.13.2.2}{t and single top processes}{section.13.2}% 68
\BOOKMARK [2][-]{subsection.13.2.3}{Di-boson process}{section.13.2}% 69
\BOOKMARK [1][-]{section.13.3}{QCD multi-jet background}{chapter.13}% 70
\BOOKMARK [1][-]{section.13.4}{W+jets background}{chapter.13}% 71
\BOOKMARK [1][-]{section.13.5}{Overlays of observations and SM predictions}{chapter.13}% 72
\BOOKMARK [0][-]{chapter.14}{Systematics}{}% 73
\BOOKMARK [0][-]{chapter.15}{Results}{}% 74
\BOOKMARK [1][-]{section.15.1}{13 TeV Results}{chapter.15}% 75
\BOOKMARK [1][-]{section.15.2}{8 TeV Results}{chapter.15}% 76
\BOOKMARK [-1][-]{chapter*.108}{ Bibliography}{}% 77
