This is pdfTeX, Version 3.14159265-2.6-1.40.16 (TeX Live 2015) (preloaded format=pdflatex 2015.5.24)  18 AUG 2016 13:47
entering extended mode
 restricted \write18 enabled.
 %&-line parsing enabled.
**zprimeDefinitions.tex
(./zprimeDefinitions.tex
LaTeX2e <2015/01/01>
Babel <3.9l> and hyphenation patterns for 79 languages loaded.
)
! Emergency stop.
<*> zprimeDefinitions.tex
                         
*** (job aborted, no legal \end found)

 
Here is how much of TeX's memory you used:
 34 strings out of 493089
 309 string characters out of 6134842
 53199 words of memory out of 5000000
 3619 multiletter control sequences out of 15000+600000
 3640 words of font info for 14 fonts, out of 8000000 for 9000
 1141 hyphenation exceptions out of 8191
 7i,0n,6p,108b,8s stack positions out of 5000i,500n,10000p,200000b,80000s
!  ==> Fatal error occurred, no output PDF file produced!
